<?xml version="1.0" encoding="UTF-8"?>
<!-- Generated by org.testng.reporters.JUnitReportReporter -->
<testsuite hostname="LAPTOP-00EBLJMO" failures="0" tests="2" name="Test.TestClass" time="13.044" errors="0" timestamp="2025-07-06T12:49:56 IST" skipped="0">
  <testcase classname="Test.TestClass" name="test1" time="9.063"/>
  <testcase classname="Test.TestClass" name="test2" time="3.981"/>
</testsuite> <!-- Test.TestClass -->
